
> vite-react-typescript-starter@0.0.0 build
> npx vite build

[36mvite v5.4.20 [32mbuilding for production...[36m[39m
transforming...
[32mΓ£ô[39m 1853 modules transformed.
rendering chunks...
node.exe : [1m[33m[plugin:vite:reporter][39m[22m [33m[plugin 
vite:reporter] 
At line:1 char:1
+ & "C:\Program Files\nodejs/node.exe" "C:\Program Files\nodejs/node_mo 
...
+ ~~~~~~~~~~~~~~~~~~~~~~~~~~~~~~~~~~~~~~~~~~~~~~~~~~~~~~~~~~~~~~~~~~~~~
    + CategoryInfo          : NotSpecified: ([1m[33m[plugi...vite:repo 
   rter] :String) [], RemoteException
    + FullyQualifiedErrorId : NativeCommandError
 
(!) D:/My Project/Azzahra Fashion 
Muslim/project/node_modules/firebase/firestore/dist/esm/index.esm.js is 
dynamically imported by D:/My Project/Azzahra Fashion 
Muslim/project/src/App.tsx but also statically imported by D:/My 
Project/Azzahra Fashion 
Muslim/project/src/components/AdminReportsPage.tsx, D:/My 
Project/Azzahra Fashion 
Muslim/project/src/hooks/useFirebaseAdminOrders.ts, D:/My 
Project/Azzahra Fashion Muslim/project/src/hooks/useFirebaseAuth.ts, 
D:/My Project/Azzahra Fashion 
Muslim/project/src/hooks/useFirebaseOrders.ts, D:/My Project/Azzahra 
Fashion Muslim/project/src/hooks/useGlobalProducts.tsx, D:/My 
Project/Azzahra Fashion Muslim/project/src/hooks/useProductCRUD.ts, 
D:/My Project/Azzahra Fashion 
Muslim/project/src/hooks/useUnifiedFlashSale.ts, D:/My Project/Azzahra 
Fashion Muslim/project/src/hooks/useUnifiedProducts.ts, D:/My 
Project/Azzahra Fashion Muslim/project/src/services/addressService.ts, 
D:/My Project/Azzahra Fashion 
Muslim/project/src/services/aiApiKeyService.ts, D:/My Project/Azzahra 
Fashion Muslim/project/src/services/cartServiceOptimized.ts, D:/My 
Project/Azzahra Fashion Muslim/project/src/services/financialService.ts, 
D:/My Project/Azzahra Fashion 
Muslim/project/src/services/globalIndexSync.ts, D:/My Project/Azzahra 
Fashion Muslim/project/src/services/ordersService.ts, D:/My 
Project/Azzahra Fashion 
Muslim/project/src/services/paymentDetectionService.ts, D:/My 
Project/Azzahra Fashion 
Muslim/project/src/services/paymentGroupService.ts, D:/My 
Project/Azzahra Fashion 
Muslim/project/src/services/productCategoryService.ts, D:/My 
Project/Azzahra Fashion Muslim/project/src/services/reportsService.ts, 
D:/My Project/Azzahra Fashion 
Muslim/project/src/services/salesHistoryService.ts, D:/My 
Project/Azzahra Fashion Muslim/project/src/services/usersService.ts, 
D:/My Project/Azzahra Fashion 
Muslim/project/src/utils/firebaseClient.ts, D:/My Project/Azzahra 
Fashion Muslim/project/src/utils/forceSyncGlobalIndex.ts, dynamic import 
will not move module into another chunk.
[39m
computing gzip size...
[2mdist/[22m[32mmanifest.json                               [39m[1m[2m    0.54 kB[22m[1m[22m[2m Γöé gzip:   0.31 kB[22m
[2mdist/[22m[32mindex.html                                  [39m[1m[2m    1.24 kB[22m[1m[22m[2m Γöé gzip:   0.54 kB[22m
[2mdist/[22m[35massets/index-CGeDWtxb.css                   [39m[1m[2m   71.21 kB[22m[1m[22m[2m Γöé gzip:  11.62 kB[22m
[2mdist/[22m[36massets/workbox-window.prod.es5-CLYUWRvB.js  [39m[1m[2m    5.67 kB[22m[1m[22m[2m Γöé gzip:   2.29 kB[22m
[2mdist/[22m[36massets/ui-DADtdSAW.js                       [39m[1m[2m   18.07 kB[22m[1m[22m[2m Γöé gzip:   6.45 kB[22m
[2mdist/[22m[36massets/vendor-ChpesbK6.js                   [39m[1m[2m  140.34 kB[22m[1m[22m[2m Γöé gzip:  45.02 kB[22m
[2mdist/[22m[36massets/index-CfeKTD9l.js                    [39m[1m[33m1,349.52 kB[39m[22m[2m Γöé gzip: 310.52 kB[22m
[33m
(!) Some chunks are larger than 500 kB after minification. Consider:
- Using dynamic import() to code-split the application
- Use build.rollupOptions.output.manualChunks to improve chunking: 
https://rollupjs.org/configuration-options/#output-manualchunks
- Adjust chunk size limit for this warning via 
build.chunkSizeWarningLimit.[39m
[32mΓ£ô built in 11.28s[39m

PWA v1.2.0
mode      generateSW
precache  13 entries (1632.57 KiB)
files generated
  dist/sw.js
  dist/workbox-6eb6c1fb.js
