[debug] [2025-12-18T08:32:09.661Z] ----------------------------------------------------------------------
[debug] [2025-12-18T08:32:09.664Z] Command:       C:\Program Files\nodejs\node.exe C:\Users\LENOVO\AppData\Roaming\npm\node_modules\firebase-tools\lib\bin\firebase.js deploy --only functions
[debug] [2025-12-18T08:32:09.665Z] CLI Version:   14.24.0
[debug] [2025-12-18T08:32:09.665Z] Platform:      win32
[debug] [2025-12-18T08:32:09.665Z] Node Version:  v22.20.0
[debug] [2025-12-18T08:32:09.665Z] Time:          Thu Dec 18 2025 16:32:09 GMT+0800 (Singapore Standard Time)
[debug] [2025-12-18T08:32:09.665Z] ----------------------------------------------------------------------
[debug] 
[debug] [2025-12-18T08:32:09.821Z] > command requires scopes: ["email","openid","https://www.googleapis.com/auth/cloudplatformprojects.readonly","https://www.googleapis.com/auth/firebase","https://www.googleapis.com/auth/cloud-platform"]
[debug] [2025-12-18T08:32:09.822Z] > authorizing via signed-in user (ai.mastermebjm@gmail.com)
[debug] [2025-12-18T08:32:09.822Z] [iam] checking project azzahra-fashion-muslim-ab416 for permissions ["cloudfunctions.functions.create","cloudfunctions.functions.delete","cloudfunctions.functions.get","cloudfunctions.functions.list","cloudfunctions.functions.update","cloudfunctions.operations.get","firebase.projects.get"]
[debug] [2025-12-18T08:32:09.823Z] Checked if tokens are valid: true, expires at: 1766048920110
[debug] [2025-12-18T08:32:09.823Z] Checked if tokens are valid: true, expires at: 1766048920110
[debug] [2025-12-18T08:32:09.824Z] >>> [apiv2][query] POST https://cloudresourcemanager.googleapis.com/v1/projects/azzahra-fashion-muslim-ab416:testIamPermissions [none]
[debug] [2025-12-18T08:32:09.824Z] >>> [apiv2][(partial)header] POST https://cloudresourcemanager.googleapis.com/v1/projects/azzahra-fashion-muslim-ab416:testIamPermissions x-goog-quota-user=projects/azzahra-fashion-muslim-ab416
[debug] [2025-12-18T08:32:09.824Z] >>> [apiv2][body] POST https://cloudresourcemanager.googleapis.com/v1/projects/azzahra-fashion-muslim-ab416:testIamPermissions {"permissions":["cloudfunctions.functions.create","cloudfunctions.functions.delete","cloudfunctions.functions.get","cloudfunctions.functions.list","cloudfunctions.functions.update","cloudfunctions.operations.get","firebase.projects.get"]}
[debug] [2025-12-18T08:32:10.460Z] <<< [apiv2][status] POST https://cloudresourcemanager.googleapis.com/v1/projects/azzahra-fashion-muslim-ab416:testIamPermissions 200
[debug] [2025-12-18T08:32:10.461Z] <<< [apiv2][body] POST https://cloudresourcemanager.googleapis.com/v1/projects/azzahra-fashion-muslim-ab416:testIamPermissions {"permissions":["cloudfunctions.functions.create","cloudfunctions.functions.delete","cloudfunctions.functions.get","cloudfunctions.functions.list","cloudfunctions.functions.update","cloudfunctions.operations.get","firebase.projects.get"]}
[debug] [2025-12-18T08:32:10.461Z] Checked if tokens are valid: true, expires at: 1766048920110
[debug] [2025-12-18T08:32:10.461Z] Checked if tokens are valid: true, expires at: 1766048920110
[debug] [2025-12-18T08:32:10.461Z] >>> [apiv2][query] POST https://iam.googleapis.com/v1/projects/azzahra-fashion-muslim-ab416/serviceAccounts/azzahra-fashion-muslim-ab416@appspot.gserviceaccount.com:testIamPermissions [none]
[debug] [2025-12-18T08:32:10.461Z] >>> [apiv2][body] POST https://iam.googleapis.com/v1/projects/azzahra-fashion-muslim-ab416/serviceAccounts/azzahra-fashion-muslim-ab416@appspot.gserviceaccount.com:testIamPermissions {"permissions":["iam.serviceAccounts.actAs"]}
[debug] [2025-12-18T08:32:12.092Z] <<< [apiv2][status] POST https://iam.googleapis.com/v1/projects/azzahra-fashion-muslim-ab416/serviceAccounts/azzahra-fashion-muslim-ab416@appspot.gserviceaccount.com:testIamPermissions 404
[debug] [2025-12-18T08:32:12.093Z] <<< [apiv2][body] POST https://iam.googleapis.com/v1/projects/azzahra-fashion-muslim-ab416/serviceAccounts/azzahra-fashion-muslim-ab416@appspot.gserviceaccount.com:testIamPermissions {"error":{"code":404,"message":"Unknown service account","status":"NOT_FOUND"}}
[debug] [2025-12-18T08:32:12.093Z] [functions] service account IAM check errored, deploy may fail: Request to https://iam.googleapis.com/v1/projects/azzahra-fashion-muslim-ab416/serviceAccounts/azzahra-fashion-muslim-ab416@appspot.gserviceaccount.com:testIamPermissions had HTTP Error: 404, Unknown service account {"name":"FirebaseError","children":[],"context":{"body":{"error":{"code":404,"message":"Unknown service account","status":"NOT_FOUND"}},"response":{"statusCode":404}},"exit":1,"message":"Request to https://iam.googleapis.com/v1/projects/azzahra-fashion-muslim-ab416/serviceAccounts/azzahra-fashion-muslim-ab416@appspot.gserviceaccount.com:testIamPermissions had HTTP Error: 404, Unknown service account","status":404}
[info] 
[info] === Deploying to 'azzahra-fashion-muslim-ab416'...
[info] 
[info] i  deploying functions 
[debug] [2025-12-18T08:32:12.098Z] Checked if tokens are valid: true, expires at: 1766048920110
[debug] [2025-12-18T08:32:12.098Z] Checked if tokens are valid: true, expires at: 1766048920110
[debug] [2025-12-18T08:32:12.098Z] >>> [apiv2][query] GET https://cloudresourcemanager.googleapis.com/v1/projects/azzahra-fashion-muslim-ab416 [none]
[debug] [2025-12-18T08:32:12.456Z] <<< [apiv2][status] GET https://cloudresourcemanager.googleapis.com/v1/projects/azzahra-fashion-muslim-ab416 200
[debug] [2025-12-18T08:32:12.456Z] <<< [apiv2][body] GET https://cloudresourcemanager.googleapis.com/v1/projects/azzahra-fashion-muslim-ab416 {"projectNumber":"822661485961","projectId":"azzahra-fashion-muslim-ab416","lifecycleState":"ACTIVE","name":"Azzahra Fashion Muslim","labels":{"firebase":"enabled","firebase-core":"disabled"},"createTime":"2025-10-21T01:59:20.182770Z"}
[info] i  functions: preparing codebase default for deployment 
[info] i  functions: ensuring required API cloudfunctions.googleapis.com is enabled... 
[info] i  functions: ensuring required API cloudbuild.googleapis.com is enabled... 
[info] i  artifactregistry: ensuring required API artifactregistry.googleapis.com is enabled... 
[debug] [2025-12-18T08:32:12.459Z] Checked if tokens are valid: true, expires at: 1766048920110
[debug] [2025-12-18T08:32:12.459Z] Checked if tokens are valid: true, expires at: 1766048920110
[debug] [2025-12-18T08:32:12.459Z] >>> [apiv2][query] GET https://firebase.googleapis.com/v1beta1/projects/azzahra-fashion-muslim-ab416/adminSdkConfig [none]
[debug] [2025-12-18T08:32:13.468Z] <<< [apiv2][status] GET https://firebase.googleapis.com/v1beta1/projects/azzahra-fashion-muslim-ab416/adminSdkConfig 200
[debug] [2025-12-18T08:32:13.468Z] <<< [apiv2][body] GET https://firebase.googleapis.com/v1beta1/projects/azzahra-fashion-muslim-ab416/adminSdkConfig {"projectId":"azzahra-fashion-muslim-ab416","databaseURL":"https://azzahra-fashion-muslim-ab416-default-rtdb.asia-southeast1.firebasedatabase.app","storageBucket":"azzahra-fashion-muslim-ab416.firebasestorage.app"}
[debug] [2025-12-18T08:32:13.468Z] Checked if tokens are valid: true, expires at: 1766048920110
[debug] [2025-12-18T08:32:13.468Z] Checked if tokens are valid: true, expires at: 1766048920110
[debug] [2025-12-18T08:32:13.469Z] >>> [apiv2][query] GET https://runtimeconfig.googleapis.com/v1beta1/projects/azzahra-fashion-muslim-ab416/configs [none]
[debug] [2025-12-18T08:32:14.189Z] <<< [apiv2][status] GET https://runtimeconfig.googleapis.com/v1beta1/projects/azzahra-fashion-muslim-ab416/configs 200
[debug] [2025-12-18T08:32:14.189Z] <<< [apiv2][body] GET https://runtimeconfig.googleapis.com/v1beta1/projects/azzahra-fashion-muslim-ab416/configs {}
[debug] [2025-12-18T08:32:14.192Z] Validating nodejs source
[warn] !  functions: package.json indicates an outdated version of firebase-functions. Please upgrade using npm install --save firebase-functions@latest in your functions directory. 
[warn] !  functions: Please note that there will be breaking changes when you upgrade. 
[debug] [2025-12-18T08:32:15.349Z] > [functions] package.json contents: {
  "name": "functions",
  "description": "Cloud Functions for Azzahra Fashion Muslim",
  "scripts": {
    "serve": "firebase emulators:start --only functions",
    "shell": "firebase functions:shell",
    "start": "npm run shell",
    "deploy": "firebase deploy --only functions",
    "logs": "firebase functions:log"
  },
  "engines": {
    "node": "20"
  },
  "main": "index.js",
  "dependencies": {
    "firebase-admin": "^12.0.0",
    "firebase-functions": "^6.0.0"
  },
  "private": true
}
[debug] [2025-12-18T08:32:15.349Z] Building nodejs source
[info] i  functions: Loading and analyzing source code for codebase default to determine what to deploy 
[debug] [2025-12-18T08:32:15.350Z] Could not find functions.yaml. Must use http discovery
[debug] [2025-12-18T08:32:15.356Z] Found firebase-functions binary at 'D:\My Project\Azzahra Fashion Muslim\project\functions\node_modules\.bin\firebase-functions'
[info] Serving at port 8652

[debug] [2025-12-18T08:32:16.024Z] Got response from /__/functions.yaml {"endpoints":{"checkPaymentDetection":{"availableMemoryMb":null,"timeoutSeconds":null,"minInstances":null,"maxInstances":null,"ingressSettings":null,"concurrency":null,"serviceAccountEmail":null,"vpc":null,"platform":"gcfv2","labels":{},"eventTrigger":{"eventType":"google.cloud.firestore.document.v1.written","eventFilters":{"database":"(default)","namespace":"(default)"},"eventFilterPathPatterns":{"document":"paymentDetectionsPending/{detectionId}"},"retry":false},"entryPoint":"checkPaymentDetection"}},"specVersion":"v1alpha1","requiredAPIs":[],"extensions":{}}
